<?xml version="1.0" encoding="UTF-8"?>
<!-- Generated by org.testng.reporters.JUnitReportReporter -->
<testsuite skipped="0" hostname="LAPTOP-5EAMJ23T" name="com.qa.testcases.GetAPITest" tests="5" failures="0" timestamp="19 Feb 2019 06:33:47 GMT" time="3.709" errors="0">
  <testcase name="getTest" time="0.234" classname="com.qa.testcases.GetAPITest"/>
  <testcase name="jsonObjectValues" time="0.260" classname="com.qa.testcases.GetAPITest"/>
  <testcase name="jsonArrayValues" time="1.696" classname="com.qa.testcases.GetAPITest"/>
  <testcase name="getResponseCode" time="1.358" classname="com.qa.testcases.GetAPITest"/>
  <testcase name="headers" time="0.161" classname="com.qa.testcases.GetAPITest"/>
</testsuite> <!-- com.qa.testcases.GetAPITest -->
