<?xml version="1.0" encoding="UTF-8"?>
<!-- Generated by org.testng.reporters.JUnitReportReporter -->
<testsuite skipped="0" hostname="LAPTOP-5EAMJ23T" name="com.qa.testcases.GetAPITest" tests="5" failures="0" timestamp="19 Feb 2019 06:45:29 GMT" time="9.936" errors="0">
  <testcase name="getTest" time="0.207" classname="com.qa.testcases.GetAPITest"/>
  <testcase name="jsonObjectValues" time="3.309" classname="com.qa.testcases.GetAPITest"/>
  <testcase name="jsonArrayValues" time="4.810" classname="com.qa.testcases.GetAPITest"/>
  <testcase name="getResponseCode" time="1.436" classname="com.qa.testcases.GetAPITest"/>
  <testcase name="headers" time="0.174" classname="com.qa.testcases.GetAPITest"/>
</testsuite> <!-- com.qa.testcases.GetAPITest -->
